<?xml version="1.0" encoding="UTF-8"?>
<!-- Generated by org.testng.reporters.JUnitReportReporter -->
<testsuite hostname="LAPTOP-1FSKD2C4" failures="0" tests="1" name="Assertion.AssertEqual" time="0.011" errors="0" timestamp="2023-01-15T11:35:40 IST" skipped="0">
  <testcase classname="Assertion.AssertEqual" name="m1" time="0.011"/>
  <system-out>
    <![CDATA[Running m1]]>
  </system-out>
</testsuite> <!-- Assertion.AssertEqual -->
