<?xml version="1.0" encoding="UTF-8"?>
<!-- Generated by org.testng.reporters.JUnitReportReporter -->
<testsuite hostname="LAPTOP-1FSKD2C4" failures="0" tests="1" name="TestNG.Firefox" time="17.363" errors="0" timestamp="2023-01-24T12:46:46 IST" skipped="0">
  <testcase classname="TestNG.Firefox" name="TC" time="17.363"/>
  <system-out/>
</testsuite> <!-- TestNG.Firefox -->
