<?xml version="1.0" encoding="UTF-8"?>
<!-- Generated by org.testng.reporters.JUnitReportReporter -->
<testsuite hostname="LAPTOP-1FSKD2C4" failures="0" tests="1" name="testng_parallel_excecution.Case1" time="12.264" errors="0" timestamp="2023-01-03T11:51:41 IST" skipped="0">
  <testcase classname="testng_parallel_excecution.Case1" name="TC1" time="12.264"/>
  <system-out/>
</testsuite> <!-- testng_parallel_excecution.Case1 -->
