<?xml version="1.0" encoding="UTF-8"?>
<!-- Generated by org.testng.reporters.JUnitReportReporter -->
<testsuite hostname="LAPTOP-1FSKD2C4" failures="0" tests="1" name="TestNG_Pagefactory.Test1" time="3.975" errors="0" timestamp="2023-01-24T10:37:46 IST" skipped="0">
  <testcase classname="TestNG_Pagefactory.Test1" name="verifyText" time="3.975"/>
  <system-out>
    <![CDATA[Running VerifyText]]>
  </system-out>
</testsuite> <!-- TestNG_Pagefactory.Test1 -->
