<?xml version="1.0" encoding="UTF-8"?>
<!-- Generated by org.testng.reporters.JUnitReportReporter -->
<testsuite hostname="LAPTOP-1FSKD2C4" failures="0" tests="1" name="TestNG.Annotation" time="0.006" errors="0" timestamp="2023-01-24T12:41:56 IST" skipped="0">
  <testcase classname="TestNG.Annotation" name="verifytext" time="0.006"/>
  <system-out>
    <![CDATA[Running actual test case]]>
  </system-out>
</testsuite> <!-- TestNG.Annotation -->
