<?xml version="1.0" encoding="UTF-8"?>
<!-- Generated by org.testng.reporters.JUnitReportReporter -->
<testsuite hostname="LAPTOP-1FSKD2C4" failures="0" tests="3" name="testng_batch_excecution.Sample2" time="0.003" errors="0" timestamp="2023-01-03T11:14:22 IST" skipped="0">
  <testcase classname="testng_batch_excecution.Sample2" name="TC4" time="0.001"/>
  <system-out>
    <![CDATA[running TC4]]>
  </system-out>
  <testcase classname="testng_batch_excecution.Sample2" name="TC6" time="0.001"/>
  <system-out>
    <![CDATA[running TC6]]>
  </system-out>
  <testcase classname="testng_batch_excecution.Sample2" name="TC5" time="0.001"/>
  <system-out>
    <![CDATA[running TC5]]>
  </system-out>
</testsuite> <!-- testng_batch_excecution.Sample2 -->
