<?xml version="1.0" encoding="UTF-8"?>
<!-- Generated by org.testng.reporters.JUnitReportReporter -->
<testsuite hostname="LAPTOP-1FSKD2C4" failures="0" tests="1" name="Assertion.SoftAssertAssertion" time="0.013" errors="0" timestamp="2023-01-15T12:12:55 IST" skipped="0">
  <testcase classname="Assertion.SoftAssertAssertion" name="TC1" time="0.013"/>
  <system-out/>
</testsuite> <!-- Assertion.SoftAssertAssertion -->
