<?xml version="1.0" encoding="UTF-8"?>
<!-- Generated by org.testng.reporters.JUnitReportReporter -->
<testsuite hostname="LAPTOP-1FSKD2C4" failures="0" tests="2" name="TestNG.Multibrowser" time="18.604" errors="0" timestamp="2023-01-24T13:09:03 IST" skipped="0">
  <testcase classname="TestNG.Multibrowser" name="TC" time="11.150"/>
  <system-out/>
  <testcase classname="TestNG.Multibrowser" name="TC" time="7.454"/>
  <system-out/>
</testsuite> <!-- TestNG.Multibrowser -->
