<?xml version="1.0" encoding="UTF-8"?>
<!-- Generated by org.testng.reporters.JUnitReportReporter -->
<testsuite hostname="LAPTOP-1FSKD2C4" failures="0" tests="2" name="TestNG.Enabled" time="0.010" errors="0" timestamp="2023-01-03T10:39:33 IST" skipped="1">
  <testcase classname="TestNG.Enabled" name="TC1" time="0.010"/>
  <system-out>
    <![CDATA[it is my first program in testNG]]>
  </system-out>
  <testcase classname="TestNG.Enabled" name="TC2">
    <skipped/>
  </testcase> <!-- TC2 -->
  <system-out/>
</testsuite> <!-- TestNG.Enabled -->
