<?xml version="1.0" encoding="UTF-8"?>
<!-- Generated by org.testng.reporters.JUnitReportReporter -->
<testsuite hostname="LAPTOP-1FSKD2C4" failures="0" tests="3" name="testng_batch_excecution.Sample3" time="0.012" errors="0" timestamp="2023-01-03T11:14:22 IST" skipped="0">
  <testcase classname="testng_batch_excecution.Sample3" name="TC9" time="0.007"/>
  <system-out>
    <![CDATA[running TC9]]>
  </system-out>
  <testcase classname="testng_batch_excecution.Sample3" name="TC8" time="0.003"/>
  <system-out>
    <![CDATA[running TC8]]>
  </system-out>
  <testcase classname="testng_batch_excecution.Sample3" name="TC7" time="0.002"/>
  <system-out>
    <![CDATA[running TC7]]>
  </system-out>
</testsuite> <!-- testng_batch_excecution.Sample3 -->
