<?xml version="1.0" encoding="UTF-8"?>
<!-- Generated by org.testng.reporters.JUnitReportReporter -->
<testsuite hostname="LAPTOP-1FSKD2C4" failures="0" tests="2" name="TestNG.Depends_on_method" time="0.021" errors="0" timestamp="2023-01-03T10:34:22 IST" skipped="0">
  <testcase classname="TestNG.Depends_on_method" name="logout" time="0.002"/>
  <system-out>
    <![CDATA[running logout]]>
  </system-out>
  <testcase classname="TestNG.Depends_on_method" name="login" time="0.019"/>
  <system-out>
    <![CDATA[running login]]>
  </system-out>
</testsuite> <!-- TestNG.Depends_on_method -->
