<?xml version="1.0" encoding="UTF-8"?>
<!-- Generated by org.testng.reporters.JUnitReportReporter -->
<testsuite hostname="LAPTOP-1FSKD2C4" failures="0" tests="3" name="testng_batch_excecution.Sample1" time="0.008" errors="0" timestamp="2023-01-03T11:22:53 IST" skipped="0">
  <testcase classname="testng_batch_excecution.Sample1" name="TC1" time="0.007"/>
  <system-out>
    <![CDATA[running TC1]]>
  </system-out>
  <testcase classname="testng_batch_excecution.Sample1" name="TC3" time="0.000"/>
  <system-out>
    <![CDATA[running TC3]]>
  </system-out>
  <testcase classname="testng_batch_excecution.Sample1" name="TC2" time="0.001"/>
  <system-out>
    <![CDATA[running TC2]]>
  </system-out>
</testsuite> <!-- testng_batch_excecution.Sample1 -->
