<?xml version="1.0" encoding="UTF-8"?>
<!-- Generated by org.testng.reporters.JUnitReportReporter -->
<testsuite hostname="LAPTOP-1FSKD2C4" failures="0" tests="2" name="TestNG.Timeout" time="0.013" errors="0" timestamp="2023-01-03T10:43:50 IST" skipped="0">
  <testcase classname="TestNG.Timeout" name="TC2" time="0.005"/>
  <system-out>
    <![CDATA[it is my second program in testNG]]>
  </system-out>
  <testcase classname="TestNG.Timeout" name="TC1" time="0.008"/>
  <system-out>
    <![CDATA[it is my first program in testNG]]>
  </system-out>
</testsuite> <!-- TestNG.Timeout -->
